<?xml version="1.0" encoding="UTF-8"?>
<!-- Generated by org.testng.reporters.JUnitReportReporter -->
<testsuite hostname="DESKTOP-RHP8TI2" failures="0" tests="3" name="testCases.TC003_LoginDDT" time="24.694" errors="0" timestamp="2025-12-22T23:27:28 IST" skipped="0">
  <testcase classname="testCases.TC003_LoginDDT" name="verify_LoginDDT" time="9.861"/>
  <testcase classname="testCases.TC003_LoginDDT" name="verify_LoginDDT" time="11.242"/>
  <testcase classname="testCases.TC003_LoginDDT" name="verify_LoginDDT" time="3.591"/>
</testsuite> <!-- testCases.TC003_LoginDDT -->
